{
  "stats": {
    "suites": 1,
    "tests": 1,
    "passes": 0,
    "pending": 0,
    "failures": 1,
    "start": "2024-06-04T15:29:44.739Z",
    "end": "2024-06-04T15:31:03.808Z",
    "duration": 79069,
    "testsRegistered": 13,
    "passPercent": 0,
    "pendingPercent": 0,
    "other": 1,
    "hasOther": true,
    "skipped": 12,
    "hasSkipped": true
  },
  "results": [
    {
      "uuid": "07f9d2c3-ad83-4812-a4b1-426673edbcc8",
      "title": "",
      "fullFile": "cypress\\e2e\\validar_tela_hom\\testar_telas_intranet_hom.cy.js",
      "file": "cypress\\e2e\\validar_tela_hom\\testar_telas_intranet_hom.cy.js",
      "beforeHooks": [],
      "afterHooks": [],
      "tests": [],
      "suites": [
        {
          "uuid": "750ca51c-29c1-4dd9-8890-96388e13a216",
          "title": "Validar telas em [https://intranet-hom.conciliadora.com.br].",
          "fullFile": "",
          "file": "",
          "beforeHooks": [],
          "afterHooks": [],
          "tests": [
            {
              "title": "Validar tela Dashboard Gerencial",
              "fullTitle": "Validar telas em [https://intranet-hom.conciliadora.com.br]. Validar tela Dashboard Gerencial",
              "timedOut": null,
              "duration": 236,
              "state": "failed",
              "speed": null,
              "pass": false,
              "fail": true,
              "pending": false,
              "context": null,
              "code": "cy.entrarDashboard();\ncy.entrarDashboardGerencial();\ncy.selecionarRefo('33292');\ncy.selecionarCalendario();\ncy.validarDashboard();\ncy.validarUploadsDashboardGerencial();",
              "err": {
                "message": "CypressError: `cy.click()` failed because it requires a DOM element.\n\nNo elements in the current DOM matched your query:\n\n  > cy.get(#kt_header > div > div > div.topBarItensContainer.topBarUserContainer > div.kt-header__topbar-item.kt-header__topbar-item--user > div.kt-header__topbar-wrapper > span > i)\n\nBecause this error occurred during a `after each` hook we are skipping the remaining tests in the current suite: `Validar telas em [https://i...`",
                "estack": "CypressError: `cy.click()` failed because it requires a DOM element.\n\nNo elements in the current DOM matched your query:\n\n  > cy.get(#kt_header > div > div > div.topBarItensContainer.topBarUserContainer > div.kt-header__topbar-item.kt-header__topbar-item--user > div.kt-header__topbar-wrapper > span > i)\n\nBecause this error occurred during a `after each` hook we are skipping the remaining tests in the current suite: `Validar telas em [https://i...`\n    at isElement (https://app.conciliadora.com.br/__cypress/runner/cypress_runner.js:145283:62)\n    at validateType (https://app.conciliadora.com.br/__cypress/runner/cypress_runner.js:145141:14)\n    at Object.isType (https://app.conciliadora.com.br/__cypress/runner/cypress_runner.js:145172:7)\n    at $Cy.pushSubject (https://app.conciliadora.com.br/__cypress/runner/cypress_runner.js:138826:22)\n    at wrapped (https://app.conciliadora.com.br/__cypress/runner/cypress_runner.js:138386:19)\nFrom Your Spec Code:\n    at Context.eval (webpack://cypressproject/./cypress/support/commands.js:46:185)",
                "diff": null
              },
              "uuid": "40c49e81-80cd-4ab2-a1bc-1cc5eef4bdd5",
              "parentUUID": "750ca51c-29c1-4dd9-8890-96388e13a216",
              "isHook": false,
              "skipped": false
            },
            {
              "title": "Validar tela de Conferência de Vendas",
              "fullTitle": "Validar telas em [https://intranet-hom.conciliadora.com.br]. Validar tela de Conferência de Vendas",
              "timedOut": null,
              "duration": 0,
              "state": "skipped",
              "speed": null,
              "pass": false,
              "fail": false,
              "pending": false,
              "context": null,
              "code": "cy.entrarVendas();\ncy.entrarConferenciadeVendas();\ncy.selecionarRefoConferenciadeVendas('33292');\ncy.selecionarCalendarioConferenciadeVendas();\ncy.validarValorBrutoConferenciadeVendas();\ncy.validarcardValeCard();",
              "err": {},
              "uuid": "5dc3fc67-ec48-478e-8e93-1abb4800a387",
              "parentUUID": "750ca51c-29c1-4dd9-8890-96388e13a216",
              "isHook": false,
              "skipped": true
            },
            {
              "title": "Validar tela de Vendas Sistemas",
              "fullTitle": "Validar telas em [https://intranet-hom.conciliadora.com.br]. Validar tela de Vendas Sistemas",
              "timedOut": null,
              "duration": 0,
              "state": "skipped",
              "speed": null,
              "pass": false,
              "fail": false,
              "pending": false,
              "context": null,
              "code": "cy.entrarVendas();\ncy.entrarVendasSistemas();\ncy.selecionarRefo('33292');\ncy.selecionarCalendario();\ncy.validarVendasSistemas();\ncy.validarUploadsVendasSistemas();",
              "err": {},
              "uuid": "8c38f828-46ec-43a9-aec0-2dab188d93e2",
              "parentUUID": "750ca51c-29c1-4dd9-8890-96388e13a216",
              "isHook": false,
              "skipped": true
            },
            {
              "title": "Validar tela de Vendas Operadoras",
              "fullTitle": "Validar telas em [https://intranet-hom.conciliadora.com.br]. Validar tela de Vendas Operadoras",
              "timedOut": null,
              "duration": 0,
              "state": "skipped",
              "speed": null,
              "pass": false,
              "fail": false,
              "pending": false,
              "context": null,
              "code": "cy.entrarVendas();\ncy.entrarVendasOperadoras();\ncy.selecionarRefo('33292');\ncy.selecionarCalendario();\ncy.validarVendasOperadoras();\ncy.validaUploadsVendasOperadoras();",
              "err": {},
              "uuid": "bd5a100d-f25f-49c6-85b5-a774c1beb13b",
              "parentUUID": "750ca51c-29c1-4dd9-8890-96388e13a216",
              "isHook": false,
              "skipped": true
            },
            {
              "title": "Validar tela de Auditoria de Vendas",
              "fullTitle": "Validar telas em [https://intranet-hom.conciliadora.com.br]. Validar tela de Auditoria de Vendas",
              "timedOut": null,
              "duration": 0,
              "state": "skipped",
              "speed": null,
              "pass": false,
              "fail": false,
              "pending": false,
              "context": null,
              "code": "cy.entrarVendas();\ncy.entrarAuditoriadeVendas();\ncy.selecionarRefo('33292');\ncy.selecionarCalendario();\ncy.validarAuditoriadeVendas();\ncy.validarUploadsAuditoriadeVendas();",
              "err": {},
              "uuid": "608f034b-e7bf-433f-8041-5f3b1a4d2db0",
              "parentUUID": "750ca51c-29c1-4dd9-8890-96388e13a216",
              "isHook": false,
              "skipped": true
            },
            {
              "title": "Validar tela de Pagamentos Confirmados",
              "fullTitle": "Validar telas em [https://intranet-hom.conciliadora.com.br]. Validar tela de Pagamentos Confirmados",
              "timedOut": null,
              "duration": 0,
              "state": "skipped",
              "speed": null,
              "pass": false,
              "fail": false,
              "pending": false,
              "context": null,
              "code": "cy.entrarPagamentos();\ncy.entrarPagamentosConfirmados();\ncy.selecionarRefo('33292');\ncy.selecionarCalendario();\ncy.validarPagamentosConfirmados();",
              "err": {},
              "uuid": "5c60950d-09d7-4dd4-8ff3-476abaaadee4",
              "parentUUID": "750ca51c-29c1-4dd9-8890-96388e13a216",
              "isHook": false,
              "skipped": true
            },
            {
              "title": "Validar tela de Previsão de Recebimentos",
              "fullTitle": "Validar telas em [https://intranet-hom.conciliadora.com.br]. Validar tela de Previsão de Recebimentos",
              "timedOut": null,
              "duration": 0,
              "state": "skipped",
              "speed": null,
              "pass": false,
              "fail": false,
              "pending": false,
              "context": null,
              "code": "cy.entrarPagamentos();\ncy.entrarPrevisaodeRecebimentos();\ncy.selecionarRefo('33292');\ncy.selecionarCalendario();\ncy.validarPrevisaodeRecebimentos();\ncy.validarUploadsPrevisaodeRecebimentos();",
              "err": {},
              "uuid": "b847d8bb-85ee-433d-9f29-968e7742255b",
              "parentUUID": "750ca51c-29c1-4dd9-8890-96388e13a216",
              "isHook": false,
              "skipped": true
            },
            {
              "title": "Validar tela de Previsão de Recebimentos Sintético",
              "fullTitle": "Validar telas em [https://intranet-hom.conciliadora.com.br]. Validar tela de Previsão de Recebimentos Sintético",
              "timedOut": null,
              "duration": 0,
              "state": "skipped",
              "speed": null,
              "pass": false,
              "fail": false,
              "pending": false,
              "context": null,
              "code": "cy.entrarPagamentos();\ncy.entrarPrevisaodeRecebimentosSintetico();\ncy.selecionarRefo('33292');\ncy.selecionarCalendario();\ncy.validarPrevisaodeRecebimentosSintetico();\ncy.validarUploadsPrevisaodeRecebimentosSintetico();",
              "err": {},
              "uuid": "21b7454e-9095-45ca-9346-f4f1fdaee764",
              "parentUUID": "750ca51c-29c1-4dd9-8890-96388e13a216",
              "isHook": false,
              "skipped": true
            },
            {
              "title": "Validar tela de Pagamentos por conta Bancária",
              "fullTitle": "Validar telas em [https://intranet-hom.conciliadora.com.br]. Validar tela de Pagamentos por conta Bancária",
              "timedOut": null,
              "duration": 0,
              "state": "skipped",
              "speed": null,
              "pass": false,
              "fail": false,
              "pending": false,
              "context": null,
              "code": "cy.entrarPagamentos();\ncy.entrarPagamentosporContaBancaria();\ncy.selecionarRefo('33292');\ncy.selecionarCalendario();\ncy.validarPagamentosporContaBancaria();\ncy.validarUploadsPagamentosporContaBancaria();",
              "err": {},
              "uuid": "fe6e2fdd-3dfc-4863-9d18-cce656305043",
              "parentUUID": "750ca51c-29c1-4dd9-8890-96388e13a216",
              "isHook": false,
              "skipped": true
            },
            {
              "title": "Validar tela Relatório de Baixa",
              "fullTitle": "Validar telas em [https://intranet-hom.conciliadora.com.br]. Validar tela Relatório de Baixa",
              "timedOut": null,
              "duration": 0,
              "state": "skipped",
              "speed": null,
              "pass": false,
              "fail": false,
              "pending": false,
              "context": null,
              "code": "cy.entrarPagamentos();\ncy.entrarRelatoriodeBaixa();\ncy.selecionarRefo('33292');\ncy.selecionarCalendario();\ncy.validarRelatoriodeBaixa();",
              "err": {},
              "uuid": "550a0e83-3b7a-45c1-9577-1675b2b5c92d",
              "parentUUID": "750ca51c-29c1-4dd9-8890-96388e13a216",
              "isHook": false,
              "skipped": true
            },
            {
              "title": "Validar tela Cadastro de Taxas",
              "fullTitle": "Validar telas em [https://intranet-hom.conciliadora.com.br]. Validar tela Cadastro de Taxas",
              "timedOut": null,
              "duration": 0,
              "state": "skipped",
              "speed": null,
              "pass": false,
              "fail": false,
              "pending": false,
              "context": null,
              "code": "cy.entrarTaxa();\ncy.entrarCadastrodeTaxas();\ncy.validarUploadsCadastrodeTaxas();",
              "err": {},
              "uuid": "29b24757-1716-49ad-a315-f82a98b4db9c",
              "parentUUID": "750ca51c-29c1-4dd9-8890-96388e13a216",
              "isHook": false,
              "skipped": true
            },
            {
              "title": "Validar tela Relatório de Taxas",
              "fullTitle": "Validar telas em [https://intranet-hom.conciliadora.com.br]. Validar tela Relatório de Taxas",
              "timedOut": null,
              "duration": 0,
              "state": "skipped",
              "speed": null,
              "pass": false,
              "fail": false,
              "pending": false,
              "context": null,
              "code": "cy.entrarTaxa();\ncy.entrarRelatoriodeTaxas();\ncy.selecionarRefo('33292');\ncy.selecionarCalendario();\ncy.validarFiltrosRelatoriodeTaxas();\ncy.validarUploadsConciliacaodeTaxas();",
              "err": {},
              "uuid": "d29e6f1f-c188-4b6d-836a-20d93c352696",
              "parentUUID": "750ca51c-29c1-4dd9-8890-96388e13a216",
              "isHook": false,
              "skipped": true
            },
            {
              "title": "Validar tela Conciliação Bancária",
              "fullTitle": "Validar telas em [https://intranet-hom.conciliadora.com.br]. Validar tela Conciliação Bancária",
              "timedOut": null,
              "duration": 0,
              "state": "skipped",
              "speed": null,
              "pass": false,
              "fail": false,
              "pending": false,
              "context": null,
              "code": "cy.entrarBanco();\ncy.entrarConciliacaoBancaria();\ncy.selecionarRefoConciliacaoBancaria('33292');\ncy.selecionarCalendario();\ncy.validarUploadsConciliacaobancaria();\ncy.validarConferenciaBancaria();",
              "err": {},
              "uuid": "189d097d-35dd-43dc-a4fb-2f558c10844d",
              "parentUUID": "750ca51c-29c1-4dd9-8890-96388e13a216",
              "isHook": false,
              "skipped": true
            }
          ],
          "suites": [],
          "passes": [],
          "failures": [
            "40c49e81-80cd-4ab2-a1bc-1cc5eef4bdd5"
          ],
          "pending": [],
          "skipped": [
            "5dc3fc67-ec48-478e-8e93-1abb4800a387",
            "8c38f828-46ec-43a9-aec0-2dab188d93e2",
            "bd5a100d-f25f-49c6-85b5-a774c1beb13b",
            "608f034b-e7bf-433f-8041-5f3b1a4d2db0",
            "5c60950d-09d7-4dd4-8ff3-476abaaadee4",
            "b847d8bb-85ee-433d-9f29-968e7742255b",
            "21b7454e-9095-45ca-9346-f4f1fdaee764",
            "fe6e2fdd-3dfc-4863-9d18-cce656305043",
            "550a0e83-3b7a-45c1-9577-1675b2b5c92d",
            "29b24757-1716-49ad-a315-f82a98b4db9c",
            "d29e6f1f-c188-4b6d-836a-20d93c352696",
            "189d097d-35dd-43dc-a4fb-2f558c10844d"
          ],
          "duration": 236,
          "root": false,
          "rootEmpty": false,
          "_timeout": 2000
        }
      ],
      "passes": [],
      "failures": [],
      "pending": [],
      "skipped": [],
      "duration": 0,
      "root": true,
      "rootEmpty": true,
      "_timeout": 2000
    }
  ],
  "meta": {
    "mocha": {
      "version": "7.0.1"
    },
    "mochawesome": {
      "options": {
        "quiet": false,
        "reportFilename": "mochawesome",
        "saveHtml": false,
        "saveJson": true,
        "consoleReporter": "spec",
        "useInlineDiffs": false,
        "code": true
      },
      "version": "7.1.3"
    },
    "marge": {
      "options": {
        "reportDir": "cypress\\reports\\.jsons",
        "overwrite": false,
        "html": false,
        "json": true
      },
      "version": "6.2.0"
    }
  }
}